0 info it worked if it ends with ok
1 verbose cli [
1 verbose cli   'C:\\Program Files\\nodejs\\node.exe',
1 verbose cli   'C:\\Program Files\\nodejs\\node_modules\\npm\\bin\\npm-cli.js',
1 verbose cli   'start'
1 verbose cli ]
2 info using npm@6.14.4
3 info using node@v12.18.0
4 verbose run-script [ 'prestart', 'start', 'poststart' ]
5 info lifecycle fundamentos-react@0.1.0~prestart: fundamentos-react@0.1.0
6 info lifecycle fundamentos-react@0.1.0~start: fundamentos-react@0.1.0
7 verbose lifecycle fundamentos-react@0.1.0~start: unsafe-perm in lifecycle true
8 verbose lifecycle fundamentos-react@0.1.0~start: PATH: C:\Program Files\nodejs\node_modules\npm\node_modules\npm-lifecycle\node-gyp-bin;C:\projetosdev\react-redux\fundamentos-react\node_modules\.bin;C:\WINDOWS\system32;C:\WINDOWS;C:\WINDOWS\System32\Wbem;C:\WINDOWS\System32\WindowsPowerShell\v1.0\;C:\WINDOWS\System32\OpenSSH\;C:\ProgramData\chocolatey\bin;C:\Program Files\Git\cmd;C:\Program Files\nodejs\;C:\xampp\php;C:\ProgramData\ComposerSetup\bin;C:\php-7;C:\Program Files\Docker\Docker\resources\bin;C:\ProgramData\DockerDesktop\version-bin;C:\Program Files\MongoDB\Server\4.4\bin;C:\Users\Clebson Santos\AppData\Local\Programs\Microsoft VS Code\bin;C:\Users\Clebson Santos\AppData\Local\Microsoft\WindowsApps;C:\Users\Clebson Santos\AppData\Local\Programs\Microsoft VS Code\bin;C:\Users\Clebson Santos\AppData\Roaming\npm;C:\Users\Clebson Santos\AppData\Roaming\Composer\vendor\bin;C:\php;C:\Program Files\MySQL\MySQL Server 8.0\bin;C:\Users\Clebson Santos\AppData\Local\hyper\app-3.0.2\resources\bin;
9 verbose lifecycle fundamentos-react@0.1.0~start: CWD: C:\projetosdev\react-redux\fundamentos-react
10 silly lifecycle fundamentos-react@0.1.0~start: Args: [ '/d /s /c', 'react-scripts start' ]
11 silly lifecycle fundamentos-react@0.1.0~start: Returned: code: 1  signal: null
12 info lifecycle fundamentos-react@0.1.0~start: Failed to exec start script
13 verbose stack Error: fundamentos-react@0.1.0 start: `react-scripts start`
13 verbose stack Exit status 1
13 verbose stack     at EventEmitter.<anonymous> (C:\Program Files\nodejs\node_modules\npm\node_modules\npm-lifecycle\index.js:332:16)
13 verbose stack     at EventEmitter.emit (events.js:315:20)
13 verbose stack     at ChildProcess.<anonymous> (C:\Program Files\nodejs\node_modules\npm\node_modules\npm-lifecycle\lib\spawn.js:55:14)
13 verbose stack     at ChildProcess.emit (events.js:315:20)
13 verbose stack     at maybeClose (internal/child_process.js:1021:16)
13 verbose stack     at Process.ChildProcess._handle.onexit (internal/child_process.js:286:5)
14 verbose pkgid fundamentos-react@0.1.0
15 verbose cwd C:\projetosdev\react-redux\fundamentos-react
16 verbose Windows_NT 10.0.18363
17 verbose argv "C:\\Program Files\\nodejs\\node.exe" "C:\\Program Files\\nodejs\\node_modules\\npm\\bin\\npm-cli.js" "start"
18 verbose node v12.18.0
19 verbose npm  v6.14.4
20 error code ELIFECYCLE
21 error errno 1
22 error fundamentos-react@0.1.0 start: `react-scripts start`
22 error Exit status 1
23 error Failed at the fundamentos-react@0.1.0 start script.
23 error This is probably not a problem with npm. There is likely additional logging output above.
24 verbose exit [ 1, true ]
